TN:
SF:constants.ts
FNF:0
FNH:0
DA:3,2
DA:4,2
DA:5,2
DA:6,2
DA:7,2
DA:8,2
DA:11,2
DA:13,2
DA:61,2
LF:9
LH:9
BRF:0
BRH:0
end_of_record
TN:
SF:types.ts
FN:17,(anonymous_0)
FNF:1
FNH:1
FNDA:1,(anonymous_0)
DA:17,1
DA:18,1
DA:19,1
DA:20,1
DA:21,1
LF:5
LH:5
BRDA:17,0,0,1
BRDA:17,0,1,1
BRF:2
BRH:2
end_of_record
TN:
SF:components\Navbar.tsx
FN:7,(anonymous_0)
FN:11,(anonymous_1)
FN:12,(anonymous_2)
FN:16,(anonymous_3)
FN:19,(anonymous_4)
FN:38,(anonymous_5)
FN:46,(anonymous_6)
FN:49,(anonymous_7)
FN:76,(anonymous_8)
FN:95,(anonymous_9)
FN:98,(anonymous_10)
FNF:11
FNH:6
FNDA:4,(anonymous_0)
FNDA:2,(anonymous_1)
FNDA:0,(anonymous_2)
FNDA:2,(anonymous_3)
FNDA:0,(anonymous_4)
FNDA:0,(anonymous_5)
FNDA:16,(anonymous_6)
FNDA:0,(anonymous_7)
FNDA:2,(anonymous_8)
FNDA:4,(anonymous_9)
FNDA:0,(anonymous_10)
DA:7,1
DA:8,4
DA:9,4
DA:11,4
DA:12,2
DA:13,0
DA:15,2
DA:16,2
DA:19,4
DA:20,0
DA:21,0
DA:22,0
DA:23,0
DA:27,4
DA:34,4
DA:38,0
DA:47,16
DA:49,0
DA:76,2
DA:96,4
DA:98,0
LF:21
LH:13
BRDA:21,0,0,0
BRDA:21,0,1,0
BRDA:35,1,0,0
BRDA:35,1,1,4
BRDA:79,2,0,1
BRDA:79,2,1,3
BRDA:87,3,0,4
BRDA:87,3,1,1
BRF:8
BRH:5
end_of_record
